Using pre-set license
Built from '2020.3/staging' branch; Version is '2020.3.9f1 (108be757e447) revision 1084391'; Using compiler version '192528614'; Build Type 'Release'
OS: 'Windows 10 Pro; OS build 19042.804; Version 2009; 64bit' Language: 'en' Physical Memory: 16311 MB
BatchMode: 1, IsHumanControllingUs: 0, StartBugReporterOnCrash: 0, Is64bit: 1, IsPro: 0

 COMMAND LINE ARGUMENTS:
C:\Program Files\Unity\Hub\Editor\2020.3.9f1\Editor\Unity.exe
-adb2
-batchMode
-noUpm
-name
AssetImportWorker0
-projectPath
C:/Users/Gerardo Gonzalez/Downloads/CyberAttack
-logFile
Logs/AssetImportWorker0.log
-srvPort
64818
Successfully changed project path to: C:/Users/Gerardo Gonzalez/Downloads/CyberAttack
C:/Users/Gerardo Gonzalez/Downloads/CyberAttack
Using Asset Import Pipeline V2.
Refreshing native plugins compatible for Editor in 33.34 ms, found 1 plugins.
Preloading 0 native plugins for Editor in 0.00 ms.
Initialize engine version: 2020.3.9f1 (108be757e447)
[Subsystems] Discovering subsystems at path C:/Program Files/Unity/Hub/Editor/2020.3.9f1/Editor/Data/Resources/UnitySubsystems
[Subsystems] Discovering subsystems at path C:/Users/Gerardo Gonzalez/Downloads/CyberAttack/Assets
GfxDevice: creating device client; threaded=0
Direct3D:
    Version:  Direct3D 11.0 [level 11.1]
    Renderer: AMD Radeon RX 5700 XT (ID=0x731f)
    Vendor:   
    VRAM:     8151 MB
    Driver:   27.20.21002.112
Initialize mono
Mono path[0] = 'C:/Program Files/Unity/Hub/Editor/2020.3.9f1/Editor/Data/Managed'
Mono path[1] = 'C:/Program Files/Unity/Hub/Editor/2020.3.9f1/Editor/Data/MonoBleedingEdge/lib/mono/unityjit'
Mono config path = 'C:/Program Files/Unity/Hub/Editor/2020.3.9f1/Editor/Data/MonoBleedingEdge/etc'
Using monoOptions --debugger-agent=transport=dt_socket,embedding=1,server=y,suspend=n,address=127.0.0.1:56360
Begin MonoManager ReloadAssembly
Registering precompiled unity dll's ...
Register platform support module: C:/Program Files/Unity/Hub/Editor/2020.3.9f1/Editor/Data/PlaybackEngines/WindowsStandaloneSupport/UnityEditor.WindowsStandalone.Extensions.dll
Registered in 0.001925 seconds.
Native extension for WindowsStandalone target not found
Refreshing native plugins compatible for Editor in 31.24 ms, found 1 plugins.
Preloading 0 native plugins for Editor in 0.00 ms.
Mono: successfully reloaded assembly
- Completed reload, in  0.888 seconds
Platform modules already initialized, skipping
Registering precompiled user dll's ...
Registered in 0.001307 seconds.
Begin MonoManager ReloadAssembly
Native extension for WindowsStandalone target not found
Refreshing native plugins compatible for Editor in 30.01 ms, found 1 plugins.
Preloading 0 native plugins for Editor in 0.00 ms.
Mono: successfully reloaded assembly
- Completed reload, in  0.722 seconds
Platform modules already initialized, skipping
========================================================================
Worker process is ready to serve import requests
Launched and connected shader compiler UnityShaderCompiler.exe after 0.04 seconds
Refreshing native plugins compatible for Editor in 0.35 ms, found 1 plugins.
Preloading 0 native plugins for Editor in 0.00 ms.
Unloading 1835 Unused Serialized files (Serialized files now loaded: 0)
System memory in use before: 86.0 MB.
System memory in use after: 85.9 MB.

Unloading 24 unused Assets to reduce memory usage. Loaded Objects now: 2282.
Total: 1.660200 ms (FindLiveObjects: 0.173400 ms CreateObjectMapping: 0.038700 ms MarkObjects: 1.322100 ms  DeleteObjects: 0.125200 ms)

========================================================================
Received Import Request.
  path: Assets/Scenes/AttackInst.unity
  artifactKey: Guid(3cfe78507839c4491994497935611342) Importer(815301076,1909f56bfc062723c751e8b465ee728b)
Start importing Assets/Scenes/AttackInst.unity using Guid(3cfe78507839c4491994497935611342) Importer(815301076,1909f56bfc062723c751e8b465ee728b)  -> (artifact id: 'f2f9f5e0f75109f4e2e7e8302132e1ab') in 0.010232 seconds
  Import took 0.013043 seconds .

========================================================================
Received Import Request.
  Time since last request: 27.441896 seconds.
  path: Assets/Scenes/Credits.unity
  artifactKey: Guid(31fceb903bdfd2a4982de4b504090ce1) Importer(815301076,1909f56bfc062723c751e8b465ee728b)
Start importing Assets/Scenes/Credits.unity using Guid(31fceb903bdfd2a4982de4b504090ce1) Importer(815301076,1909f56bfc062723c751e8b465ee728b)  -> (artifact id: 'dd6235cd39589f8ec6b3d6dcdf17df46') in 0.003024 seconds
  Import took 0.006718 seconds .

========================================================================
Received Import Request.
  Time since last request: 13.288590 seconds.
  path: Assets/Scenes/Final.unity
  artifactKey: Guid(132b26c0f45404ad2a49fe1c6d4f79dc) Importer(815301076,1909f56bfc062723c751e8b465ee728b)
Start importing Assets/Scenes/Final.unity using Guid(132b26c0f45404ad2a49fe1c6d4f79dc) Importer(815301076,1909f56bfc062723c751e8b465ee728b)  -> (artifact id: '25fcc5b4a1e1bf97ec8d09fe860fed2b') in 0.002668 seconds
  Import took 0.006753 seconds .

========================================================================
Received Import Request.
  Time since last request: 15.179869 seconds.
  path: Assets/Scenes/GameOver.unity
  artifactKey: Guid(3f745e0078410024eaa5ed8829362bef) Importer(815301076,1909f56bfc062723c751e8b465ee728b)
Start importing Assets/Scenes/GameOver.unity using Guid(3f745e0078410024eaa5ed8829362bef) Importer(815301076,1909f56bfc062723c751e8b465ee728b)  -> (artifact id: 'face27f0516fbbca1ca62ae0057cf6d7') in 0.002526 seconds
  Import took 0.005114 seconds .

========================================================================
Received Import Request.
  Time since last request: 24.386138 seconds.
  path: Assets/Scenes/Info.unity
  artifactKey: Guid(9d89529992191ca43833bfe70553b55c) Importer(815301076,1909f56bfc062723c751e8b465ee728b)
Start importing Assets/Scenes/Info.unity using Guid(9d89529992191ca43833bfe70553b55c) Importer(815301076,1909f56bfc062723c751e8b465ee728b)  -> (artifact id: '3b853017233fc9454ea95f2938c7bcad') in 0.002572 seconds
  Import took 0.006265 seconds .

========================================================================
Received Import Request.
  Time since last request: 25.642903 seconds.
  path: Assets/Scenes/InicioAttackonBuffer.unity
  artifactKey: Guid(9aee0f6e6ca41aa4eb14ddcf88762cf5) Importer(815301076,1909f56bfc062723c751e8b465ee728b)
Start importing Assets/Scenes/InicioAttackonBuffer.unity using Guid(9aee0f6e6ca41aa4eb14ddcf88762cf5) Importer(815301076,1909f56bfc062723c751e8b465ee728b)  -> (artifact id: '21025e9ef02fb2e262b6eabb116a1209') in 0.002654 seconds
  Import took 0.006507 seconds .

========================================================================
Received Import Request.
  Time since last request: 16.267219 seconds.
  path: Assets/Scenes/InicioPacVirus.unity
  artifactKey: Guid(b19d7e0f807d0eb4aa4dc438cd85b5ad) Importer(815301076,1909f56bfc062723c751e8b465ee728b)
Start importing Assets/Scenes/InicioPacVirus.unity using Guid(b19d7e0f807d0eb4aa4dc438cd85b5ad) Importer(815301076,1909f56bfc062723c751e8b465ee728b)  -> (artifact id: '3bbe33f44b74860ff085e8df064ab47f') in 0.002512 seconds
  Import took 0.004961 seconds .

========================================================================
Received Import Request.
  Time since last request: 17.663018 seconds.
  path: Assets/Scenes/Laboratorio.unity
  artifactKey: Guid(c2438a558b688e340be09a5d15ba9052) Importer(815301076,1909f56bfc062723c751e8b465ee728b)
Start importing Assets/Scenes/Laboratorio.unity using Guid(c2438a558b688e340be09a5d15ba9052) Importer(815301076,1909f56bfc062723c751e8b465ee728b)  -> (artifact id: '68f8c5e59239ca6db2bd166f9eb3b025') in 0.002743 seconds
  Import took 0.006125 seconds .

========================================================================
Received Import Request.
  Time since last request: 18.561146 seconds.
  path: Assets/Scenes/PacInstruct.unity
  artifactKey: Guid(2aa4136ef56534d599601ea89ce140da) Importer(815301076,1909f56bfc062723c751e8b465ee728b)
Start importing Assets/Scenes/PacInstruct.unity using Guid(2aa4136ef56534d599601ea89ce140da) Importer(815301076,1909f56bfc062723c751e8b465ee728b)  -> (artifact id: 'd15e4ad8bd97fb842d49d730c27c0292') in 0.002514 seconds
  Import took 0.005023 seconds .

========================================================================
Received Import Request.
  Time since last request: 26.162994 seconds.
  path: Assets/Scenes/InicioPacVirus.unity
  artifactKey: Guid(b19d7e0f807d0eb4aa4dc438cd85b5ad) Importer(815301076,1909f56bfc062723c751e8b465ee728b)
Start importing Assets/Scenes/InicioPacVirus.unity using Guid(b19d7e0f807d0eb4aa4dc438cd85b5ad) Importer(815301076,1909f56bfc062723c751e8b465ee728b)  -> (artifact id: '1c0c4f3207346687aab1ca255bdc0675') in 0.002190 seconds
  Import took 0.005780 seconds .

========================================================================
Received Import Request.
  Time since last request: 1.823840 seconds.
  path: Assets/Scenes/Laboratorio.unity
  artifactKey: Guid(c2438a558b688e340be09a5d15ba9052) Importer(815301076,1909f56bfc062723c751e8b465ee728b)
Start importing Assets/Scenes/Laboratorio.unity using Guid(c2438a558b688e340be09a5d15ba9052) Importer(815301076,1909f56bfc062723c751e8b465ee728b)  -> (artifact id: '37693c6a568e4032d191d152de6d66a2') in 0.002260 seconds
  Import took 0.005629 seconds .

========================================================================
Received Import Request.
  Time since last request: 0.703316 seconds.
  path: Assets/Scenes/PacInstruct.unity
  artifactKey: Guid(2aa4136ef56534d599601ea89ce140da) Importer(815301076,1909f56bfc062723c751e8b465ee728b)
Start importing Assets/Scenes/PacInstruct.unity using Guid(2aa4136ef56534d599601ea89ce140da) Importer(815301076,1909f56bfc062723c751e8b465ee728b)  -> (artifact id: 'ce2d0bde489793a4e364c58174ed4048') in 0.002406 seconds
  Import took 0.005186 seconds .

========================================================================
Received Import Request.
  Time since last request: 1.210018 seconds.
  path: Assets/Scenes/PacVirus.unity
  artifactKey: Guid(ff3ec3e653d4641e09742869f447dd1c) Importer(815301076,1909f56bfc062723c751e8b465ee728b)
Start importing Assets/Scenes/PacVirus.unity using Guid(ff3ec3e653d4641e09742869f447dd1c) Importer(815301076,1909f56bfc062723c751e8b465ee728b)  -> (artifact id: '838f72fe7647849cedfa8cb80b628b57') in 0.002831 seconds
  Import took 0.006468 seconds .

========================================================================
Received Import Request.
  Time since last request: 40.398593 seconds.
  path: Assets/Scenes/Win.unity
  artifactKey: Guid(4efcdec0d63dca049a4fc11b4bcd8429) Importer(815301076,1909f56bfc062723c751e8b465ee728b)
Start importing Assets/Scenes/Win.unity using Guid(4efcdec0d63dca049a4fc11b4bcd8429) Importer(815301076,1909f56bfc062723c751e8b465ee728b)  -> (artifact id: 'f6352bc0467497f07c740d91c384d62c') in 0.002880 seconds
  Import took 0.005831 seconds .

========================================================================
Received Prepare
Refreshing native plugins compatible for Editor in 1.69 ms, found 1 plugins.
Preloading 0 native plugins for Editor in 0.00 ms.
Unloading 10 Unused Serialized files (Serialized files now loaded: 0)
System memory in use before: 49.8 MB.
System memory in use after: 49.8 MB.

Unloading 10 unused Assets to reduce memory usage. Loaded Objects now: 2282.
Total: 2.399500 ms (FindLiveObjects: 0.156700 ms CreateObjectMapping: 0.037300 ms MarkObjects: 2.078200 ms  DeleteObjects: 0.126200 ms)

AssetImportWorkerClient::OnTransportError - code=2 error=End of file
