Using pre-set license
Built from '2020.3/staging' branch; Version is '2020.3.9f1 (108be757e447) revision 1084391'; Using compiler version '192528614'; Build Type 'Release'
OS: 'Windows 10 Pro; OS build 19042.804; Version 2009; 64bit' Language: 'en' Physical Memory: 16311 MB
BatchMode: 1, IsHumanControllingUs: 0, StartBugReporterOnCrash: 0, Is64bit: 1, IsPro: 0

 COMMAND LINE ARGUMENTS:
C:\Program Files\Unity\Hub\Editor\2020.3.9f1\Editor\Unity.exe
-adb2
-batchMode
-noUpm
-name
AssetImportWorker0
-projectPath
C:/Users/Gerardo Gonzalez/Downloads/CyberAttack
-logFile
Logs/AssetImportWorker0.log
-srvPort
53440
Successfully changed project path to: C:/Users/Gerardo Gonzalez/Downloads/CyberAttack
C:/Users/Gerardo Gonzalez/Downloads/CyberAttack
Using Asset Import Pipeline V2.
Refreshing native plugins compatible for Editor in 30.88 ms, found 1 plugins.
Preloading 0 native plugins for Editor in 0.00 ms.
Initialize engine version: 2020.3.9f1 (108be757e447)
[Subsystems] Discovering subsystems at path C:/Program Files/Unity/Hub/Editor/2020.3.9f1/Editor/Data/Resources/UnitySubsystems
[Subsystems] Discovering subsystems at path C:/Users/Gerardo Gonzalez/Downloads/CyberAttack/Assets
GfxDevice: creating device client; threaded=0
Direct3D:
    Version:  Direct3D 11.0 [level 11.1]
    Renderer: AMD Radeon RX 5700 XT (ID=0x731f)
    Vendor:   
    VRAM:     8151 MB
    Driver:   27.20.21002.112
Initialize mono
Mono path[0] = 'C:/Program Files/Unity/Hub/Editor/2020.3.9f1/Editor/Data/Managed'
Mono path[1] = 'C:/Program Files/Unity/Hub/Editor/2020.3.9f1/Editor/Data/MonoBleedingEdge/lib/mono/unityjit'
Mono config path = 'C:/Program Files/Unity/Hub/Editor/2020.3.9f1/Editor/Data/MonoBleedingEdge/etc'
Using monoOptions --debugger-agent=transport=dt_socket,embedding=1,server=y,suspend=n,address=127.0.0.1:56392
Begin MonoManager ReloadAssembly
Registering precompiled unity dll's ...
Register platform support module: C:/Program Files/Unity/Hub/Editor/2020.3.9f1/Editor/Data/PlaybackEngines/WindowsStandaloneSupport/UnityEditor.WindowsStandalone.Extensions.dll
Registered in 0.001934 seconds.
Native extension for WindowsStandalone target not found
Refreshing native plugins compatible for Editor in 30.62 ms, found 1 plugins.
Preloading 0 native plugins for Editor in 0.00 ms.
Mono: successfully reloaded assembly
- Completed reload, in  0.874 seconds
Platform modules already initialized, skipping
Registering precompiled user dll's ...
Registered in 0.000872 seconds.
Begin MonoManager ReloadAssembly
Native extension for WindowsStandalone target not found
Refreshing native plugins compatible for Editor in 29.97 ms, found 1 plugins.
Preloading 0 native plugins for Editor in 0.00 ms.
Mono: successfully reloaded assembly
- Completed reload, in  0.739 seconds
Platform modules already initialized, skipping
========================================================================
Worker process is ready to serve import requests
Launched and connected shader compiler UnityShaderCompiler.exe after 0.04 seconds
Refreshing native plugins compatible for Editor in 0.36 ms, found 1 plugins.
Preloading 0 native plugins for Editor in 0.00 ms.
Unloading 1836 Unused Serialized files (Serialized files now loaded: 0)
System memory in use before: 86.0 MB.
System memory in use after: 85.9 MB.

Unloading 24 unused Assets to reduce memory usage. Loaded Objects now: 2283.
Total: 1.874500 ms (FindLiveObjects: 0.155600 ms CreateObjectMapping: 0.038100 ms MarkObjects: 1.570900 ms  DeleteObjects: 0.109000 ms)

========================================================================
Received Import Request.
  path: Assets/Pacvirus/ScriptsPV/GhostMovement.cs
  artifactKey: Guid(c972ee128ba6346819933111f7291301) Importer(815301076,1909f56bfc062723c751e8b465ee728b)
Start importing Assets/Pacvirus/ScriptsPV/GhostMovement.cs using Guid(c972ee128ba6346819933111f7291301) Importer(815301076,1909f56bfc062723c751e8b465ee728b)  -> (artifact id: 'e09bc43bd8248d4e808708e5f79cbf5f') in 0.037805 seconds
  Import took 0.040386 seconds .

========================================================================
Received Prepare
Registering precompiled user dll's ...
Registered in 0.000938 seconds.
Begin MonoManager ReloadAssembly
Native extension for WindowsStandalone target not found
Refreshing native plugins compatible for Editor in 0.34 ms, found 1 plugins.
Preloading 0 native plugins for Editor in 0.00 ms.
Mono: successfully reloaded assembly
- Completed reload, in  0.669 seconds
Platform modules already initialized, skipping
Refreshing native plugins compatible for Editor in 0.38 ms, found 1 plugins.
Preloading 0 native plugins for Editor in 0.00 ms.
Unloading 1830 Unused Serialized files (Serialized files now loaded: 0)
System memory in use before: 85.9 MB.
System memory in use after: 85.9 MB.

Unloading 13 unused Assets to reduce memory usage. Loaded Objects now: 2286.
Total: 1.834700 ms (FindLiveObjects: 0.170900 ms CreateObjectMapping: 0.040500 ms MarkObjects: 1.534400 ms  DeleteObjects: 0.087900 ms)

========================================================================
Received Prepare
Refreshing native plugins compatible for Editor in 1.83 ms, found 1 plugins.
Preloading 0 native plugins for Editor in 0.00 ms.
Unloading 10 Unused Serialized files (Serialized files now loaded: 0)
System memory in use before: 50.0 MB.
System memory in use after: 50.0 MB.

Unloading 10 unused Assets to reduce memory usage. Loaded Objects now: 2286.
Total: 1.835000 ms (FindLiveObjects: 0.192800 ms CreateObjectMapping: 0.039300 ms MarkObjects: 1.511800 ms  DeleteObjects: 0.090200 ms)

========================================================================
Received Prepare
Registering precompiled user dll's ...
Registered in 0.001087 seconds.
Begin MonoManager ReloadAssembly
Native extension for WindowsStandalone target not found
Refreshing native plugins compatible for Editor in 0.34 ms, found 1 plugins.
Preloading 0 native plugins for Editor in 0.00 ms.
Mono: successfully reloaded assembly
- Completed reload, in  0.657 seconds
Platform modules already initialized, skipping
Refreshing native plugins compatible for Editor in 0.35 ms, found 1 plugins.
Preloading 0 native plugins for Editor in 0.00 ms.
Unloading 1830 Unused Serialized files (Serialized files now loaded: 0)
System memory in use before: 86.0 MB.
System memory in use after: 86.0 MB.

Unloading 12 unused Assets to reduce memory usage. Loaded Objects now: 2290.
Total: 1.622900 ms (FindLiveObjects: 0.160700 ms CreateObjectMapping: 0.037400 ms MarkObjects: 1.323700 ms  DeleteObjects: 0.100300 ms)

========================================================================
Received Prepare
Registering precompiled user dll's ...
Registered in 0.000964 seconds.
Begin MonoManager ReloadAssembly
Native extension for WindowsStandalone target not found
Refreshing native plugins compatible for Editor in 0.35 ms, found 1 plugins.
Preloading 0 native plugins for Editor in 0.00 ms.
Mono: successfully reloaded assembly
- Completed reload, in  0.649 seconds
Platform modules already initialized, skipping
Refreshing native plugins compatible for Editor in 0.36 ms, found 1 plugins.
Preloading 0 native plugins for Editor in 0.00 ms.
Unloading 1830 Unused Serialized files (Serialized files now loaded: 0)
System memory in use before: 86.0 MB.
System memory in use after: 86.0 MB.

Unloading 12 unused Assets to reduce memory usage. Loaded Objects now: 2294.
Total: 1.837700 ms (FindLiveObjects: 0.145400 ms CreateObjectMapping: 0.037100 ms MarkObjects: 1.550800 ms  DeleteObjects: 0.103400 ms)

========================================================================
Received Prepare
Registering precompiled user dll's ...
Registered in 0.000918 seconds.
Begin MonoManager ReloadAssembly
Native extension for WindowsStandalone target not found
Refreshing native plugins compatible for Editor in 0.34 ms, found 1 plugins.
Preloading 0 native plugins for Editor in 0.00 ms.
Mono: successfully reloaded assembly
- Completed reload, in  0.674 seconds
Platform modules already initialized, skipping
Refreshing native plugins compatible for Editor in 0.34 ms, found 1 plugins.
Preloading 0 native plugins for Editor in 0.00 ms.
Unloading 1830 Unused Serialized files (Serialized files now loaded: 0)
System memory in use before: 86.0 MB.
System memory in use after: 86.0 MB.

Unloading 12 unused Assets to reduce memory usage. Loaded Objects now: 2298.
Total: 1.823900 ms (FindLiveObjects: 0.185200 ms CreateObjectMapping: 0.037400 ms MarkObjects: 1.496500 ms  DeleteObjects: 0.103500 ms)

========================================================================
Received Prepare
Registering precompiled user dll's ...
Registered in 0.001294 seconds.
Begin MonoManager ReloadAssembly
Native extension for WindowsStandalone target not found
Refreshing native plugins compatible for Editor in 0.34 ms, found 1 plugins.
Preloading 0 native plugins for Editor in 0.00 ms.
Mono: successfully reloaded assembly
- Completed reload, in  0.658 seconds
Platform modules already initialized, skipping
Refreshing native plugins compatible for Editor in 0.36 ms, found 1 plugins.
Preloading 0 native plugins for Editor in 0.00 ms.
Unloading 1830 Unused Serialized files (Serialized files now loaded: 0)
System memory in use before: 86.0 MB.
System memory in use after: 86.0 MB.

Unloading 12 unused Assets to reduce memory usage. Loaded Objects now: 2302.
Total: 1.844700 ms (FindLiveObjects: 0.171900 ms CreateObjectMapping: 0.037300 ms MarkObjects: 1.537400 ms  DeleteObjects: 0.096800 ms)

========================================================================
Received Prepare
Registering precompiled user dll's ...
Registered in 0.000936 seconds.
Begin MonoManager ReloadAssembly
Native extension for WindowsStandalone target not found
Refreshing native plugins compatible for Editor in 0.37 ms, found 1 plugins.
Preloading 0 native plugins for Editor in 0.00 ms.
Mono: successfully reloaded assembly
- Completed reload, in  0.768 seconds
Platform modules already initialized, skipping
Refreshing native plugins compatible for Editor in 0.75 ms, found 1 plugins.
Preloading 0 native plugins for Editor in 0.00 ms.
Unloading 1830 Unused Serialized files (Serialized files now loaded: 0)
System memory in use before: 86.1 MB.
System memory in use after: 86.0 MB.

Unloading 12 unused Assets to reduce memory usage. Loaded Objects now: 2306.
Total: 2.785800 ms (FindLiveObjects: 0.337800 ms CreateObjectMapping: 0.046000 ms MarkObjects: 2.259000 ms  DeleteObjects: 0.140900 ms)

========================================================================
Received Prepare
Refreshing native plugins compatible for Editor in 1.73 ms, found 1 plugins.
Preloading 0 native plugins for Editor in 0.00 ms.
Unloading 10 Unused Serialized files (Serialized files now loaded: 0)
System memory in use before: 50.1 MB.
System memory in use after: 50.1 MB.

Unloading 10 unused Assets to reduce memory usage. Loaded Objects now: 2306.
Total: 1.841800 ms (FindLiveObjects: 0.166200 ms CreateObjectMapping: 0.034800 ms MarkObjects: 1.534500 ms  DeleteObjects: 0.105300 ms)

========================================================================
Received Prepare
Refreshing native plugins compatible for Editor in 1.66 ms, found 1 plugins.
Preloading 0 native plugins for Editor in 0.00 ms.
Unloading 10 Unused Serialized files (Serialized files now loaded: 0)
System memory in use before: 50.1 MB.
System memory in use after: 50.1 MB.

Unloading 10 unused Assets to reduce memory usage. Loaded Objects now: 2306.
Total: 1.870300 ms (FindLiveObjects: 0.159600 ms CreateObjectMapping: 0.036100 ms MarkObjects: 1.586900 ms  DeleteObjects: 0.086500 ms)

========================================================================
Received Prepare
Refreshing native plugins compatible for Editor in 1.74 ms, found 1 plugins.
Preloading 0 native plugins for Editor in 0.00 ms.
Unloading 10 Unused Serialized files (Serialized files now loaded: 0)
System memory in use before: 50.1 MB.
System memory in use after: 50.1 MB.

Unloading 10 unused Assets to reduce memory usage. Loaded Objects now: 2306.
Total: 1.921900 ms (FindLiveObjects: 0.161400 ms CreateObjectMapping: 0.037400 ms MarkObjects: 1.622300 ms  DeleteObjects: 0.099800 ms)

========================================================================
Received Prepare
Refreshing native plugins compatible for Editor in 1.70 ms, found 1 plugins.
Preloading 0 native plugins for Editor in 0.00 ms.
Unloading 10 Unused Serialized files (Serialized files now loaded: 0)
System memory in use before: 50.1 MB.
System memory in use after: 50.1 MB.

Unloading 10 unused Assets to reduce memory usage. Loaded Objects now: 2306.
Total: 2.215000 ms (FindLiveObjects: 0.195800 ms CreateObjectMapping: 0.036700 ms MarkObjects: 1.881000 ms  DeleteObjects: 0.100500 ms)

========================================================================
Received Prepare
Registering precompiled user dll's ...
Registered in 0.000961 seconds.
Begin MonoManager ReloadAssembly
Native extension for WindowsStandalone target not found
Refreshing native plugins compatible for Editor in 0.37 ms, found 1 plugins.
Preloading 0 native plugins for Editor in 0.00 ms.
Mono: successfully reloaded assembly
- Completed reload, in  0.654 seconds
Platform modules already initialized, skipping
Refreshing native plugins compatible for Editor in 0.34 ms, found 1 plugins.
Preloading 0 native plugins for Editor in 0.00 ms.
Unloading 1830 Unused Serialized files (Serialized files now loaded: 0)
System memory in use before: 86.1 MB.
System memory in use after: 86.0 MB.

Unloading 12 unused Assets to reduce memory usage. Loaded Objects now: 2310.
Total: 2.031200 ms (FindLiveObjects: 0.154300 ms CreateObjectMapping: 0.037900 ms MarkObjects: 1.743600 ms  DeleteObjects: 0.094500 ms)

========================================================================
Received Prepare
Refreshing native plugins compatible for Editor in 1.68 ms, found 1 plugins.
Preloading 0 native plugins for Editor in 0.00 ms.
Unloading 10 Unused Serialized files (Serialized files now loaded: 0)
System memory in use before: 50.1 MB.
System memory in use after: 50.1 MB.

Unloading 10 unused Assets to reduce memory usage. Loaded Objects now: 2310.
Total: 1.942200 ms (FindLiveObjects: 0.165800 ms CreateObjectMapping: 0.036400 ms MarkObjects: 1.646000 ms  DeleteObjects: 0.093300 ms)

========================================================================
Received Prepare
Refreshing native plugins compatible for Editor in 1.67 ms, found 1 plugins.
Preloading 0 native plugins for Editor in 0.00 ms.
Unloading 10 Unused Serialized files (Serialized files now loaded: 0)
System memory in use before: 50.1 MB.
System memory in use after: 50.1 MB.

Unloading 10 unused Assets to reduce memory usage. Loaded Objects now: 2310.
Total: 2.289500 ms (FindLiveObjects: 0.185500 ms CreateObjectMapping: 0.043400 ms MarkObjects: 1.961400 ms  DeleteObjects: 0.098400 ms)

========================================================================
Received Prepare
Refreshing native plugins compatible for Editor in 1.69 ms, found 1 plugins.
Preloading 0 native plugins for Editor in 0.00 ms.
Unloading 10 Unused Serialized files (Serialized files now loaded: 0)
System memory in use before: 50.1 MB.
System memory in use after: 50.1 MB.

Unloading 10 unused Assets to reduce memory usage. Loaded Objects now: 2310.
Total: 2.336600 ms (FindLiveObjects: 0.184200 ms CreateObjectMapping: 0.036700 ms MarkObjects: 2.002300 ms  DeleteObjects: 0.112500 ms)

========================================================================
Received Prepare
Refreshing native plugins compatible for Editor in 1.70 ms, found 1 plugins.
Preloading 0 native plugins for Editor in 0.00 ms.
Unloading 10 Unused Serialized files (Serialized files now loaded: 0)
System memory in use before: 50.1 MB.
System memory in use after: 50.1 MB.

Unloading 10 unused Assets to reduce memory usage. Loaded Objects now: 2310.
Total: 1.911300 ms (FindLiveObjects: 0.178200 ms CreateObjectMapping: 0.038000 ms MarkObjects: 1.606100 ms  DeleteObjects: 0.087900 ms)

========================================================================
Received Import Request.
  Time since last request: 4703.144493 seconds.
  path: Assets/Scenes/Inicio.unity
  artifactKey: Guid(64cc9b4d0a194d3418d6a689ac962c86) Importer(815301076,1909f56bfc062723c751e8b465ee728b)
Start importing Assets/Scenes/Inicio.unity using Guid(64cc9b4d0a194d3418d6a689ac962c86) Importer(815301076,1909f56bfc062723c751e8b465ee728b)  -> (artifact id: 'bafec43f21e574c1b60779c6ff6ebd26') in 0.010768 seconds
  Import took 0.015485 seconds .

========================================================================
Received Import Request.
  Time since last request: 938.786532 seconds.
  path: Assets/Scenes/Credits.unity
  artifactKey: Guid(31fceb903bdfd2a4982de4b504090ce1) Importer(815301076,1909f56bfc062723c751e8b465ee728b)
Start importing Assets/Scenes/Credits.unity using Guid(31fceb903bdfd2a4982de4b504090ce1) Importer(815301076,1909f56bfc062723c751e8b465ee728b)  -> (artifact id: '50836a5bd2809b18208cf0ba6c6b2c16') in 0.003438 seconds
  Import took 0.007283 seconds .

========================================================================
Received Import Request.
  Time since last request: 63.747854 seconds.
  path: Assets/Scenes/GameOver.unity
  artifactKey: Guid(3f745e0078410024eaa5ed8829362bef) Importer(815301076,1909f56bfc062723c751e8b465ee728b)
Start importing Assets/Scenes/GameOver.unity using Guid(3f745e0078410024eaa5ed8829362bef) Importer(815301076,1909f56bfc062723c751e8b465ee728b)  -> (artifact id: 'f28b602f3382e6f650b24b444bf7d32e') in 0.002886 seconds
  Import took 0.006338 seconds .

========================================================================
Received Import Request.
  Time since last request: 84.164417 seconds.
  path: Assets/Scenes/Laboratorio.unity
  artifactKey: Guid(c2438a558b688e340be09a5d15ba9052) Importer(815301076,1909f56bfc062723c751e8b465ee728b)
Start importing Assets/Scenes/Laboratorio.unity using Guid(c2438a558b688e340be09a5d15ba9052) Importer(815301076,1909f56bfc062723c751e8b465ee728b)  -> (artifact id: 'c88d3a3367a36d1fdacbd85f0c565e19') in 0.002450 seconds
  Import took 0.006076 seconds .

========================================================================
Received Import Request.
  Time since last request: 118.708239 seconds.
  path: Assets/Scenes/Win.unity
  artifactKey: Guid(4efcdec0d63dca049a4fc11b4bcd8429) Importer(815301076,1909f56bfc062723c751e8b465ee728b)
Start importing Assets/Scenes/Win.unity using Guid(4efcdec0d63dca049a4fc11b4bcd8429) Importer(815301076,1909f56bfc062723c751e8b465ee728b)  -> (artifact id: '5cf6561afd16bbcccc444c90261109a7') in 0.002892 seconds
  Import took 0.005795 seconds .

========================================================================
Received Prepare
Refreshing native plugins compatible for Editor in 1.67 ms, found 1 plugins.
Preloading 0 native plugins for Editor in 0.00 ms.
Unloading 10 Unused Serialized files (Serialized files now loaded: 0)
System memory in use before: 50.1 MB.
System memory in use after: 50.1 MB.

Unloading 10 unused Assets to reduce memory usage. Loaded Objects now: 2310.
Total: 2.565000 ms (FindLiveObjects: 0.180800 ms CreateObjectMapping: 0.038700 ms MarkObjects: 2.257500 ms  DeleteObjects: 0.086700 ms)

AssetImportWorkerClient::OnTransportError - code=2 error=End of file
